C:\Temp\PTC2\PTC\src\app\app.component.js
C:\Temp\PTC2\PTC\src\app\app.component.js.map
C:\Temp\PTC2\PTC\src\app\product\product.js
C:\Temp\PTC2\PTC\src\app\product\product.js.map
C:\Temp\PTC2\PTC\src\app\product\productSearch.js
C:\Temp\PTC2\PTC\src\app\product\productSearch.js.map
C:\Temp\PTC2\PTC\src\app\product\product.service.js
C:\Temp\PTC2\PTC\src\app\product\product.service.js.map
C:\Temp\PTC2\PTC\src\app\category\category.js
C:\Temp\PTC2\PTC\src\app\category\category.js.map
C:\Temp\PTC2\PTC\src\app\category\category.service.js
C:\Temp\PTC2\PTC\src\app\category\category.service.js.map
C:\Temp\PTC2\PTC\src\app\product\product-list.component.js
C:\Temp\PTC2\PTC\src\app\product\product-list.component.js.map
C:\Temp\PTC2\PTC\src\app\product\product-detail.component.js
C:\Temp\PTC2\PTC\src\app\product\product-detail.component.js.map
C:\Temp\PTC2\PTC\src\app\app-routing.module.js
C:\Temp\PTC2\PTC\src\app\app-routing.module.js.map
C:\Temp\PTC2\PTC\src\app\shared\validator-notlowercase.directive.js
C:\Temp\PTC2\PTC\src\app\shared\validator-notlowercase.directive.js.map
C:\Temp\PTC2\PTC\src\app\shared\validator-min.directive.js
C:\Temp\PTC2\PTC\src\app\shared\validator-min.directive.js.map
C:\Temp\PTC2\PTC\src\app\shared\validator-max.directive.js
C:\Temp\PTC2\PTC\src\app\shared\validator-max.directive.js.map
C:\Temp\PTC2\PTC\src\app\app.module.js
C:\Temp\PTC2\PTC\src\app\app.module.js.map
C:\Temp\PTC2\PTC\src\main.js
C:\Temp\PTC2\PTC\src\main.js.map
C:\Temp\PTC2\PTC\src\app\app.component.spec.js
C:\Temp\PTC2\PTC\src\app\app.component.spec.js.map
